<?xml version="1.0" encoding="UTF-8"?>
<testng-results ignored="0" total="17" passed="17" failed="0" skipped="0">
  <reporter-output>
  </reporter-output>
  <suite started-at="2021-02-18T09:36:06 WIB" name="SelfAssesment_1" finished-at="2021-02-18T09:36:23 WIB" duration-ms="17390">
    <groups>
      <group name="4thPage">
        <method signature="selfAssesment.pickTidak()[pri:15, instance:SelfAssesment.selfAssesment@5fe94a96]" name="pickTidak" class="SelfAssesment.selfAssesment"/>
      </group> <!-- 4thPage -->
      <group name="5thPage">
        <method signature="selfAssesment.submitPage()[pri:16, instance:SelfAssesment.selfAssesment@5fe94a96]" name="submitPage" class="SelfAssesment.selfAssesment"/>
      </group> <!-- 5thPage -->
      <group name="2ndPage">
        <method signature="selfAssesment.goTo3rdPage()[pri:8, instance:SelfAssesment.selfAssesment@5fe94a96]" name="goTo3rdPage" class="SelfAssesment.selfAssesment"/>
        <method signature="selfAssesment.isiDepartemen()[pri:6, instance:SelfAssesment.selfAssesment@5fe94a96]" name="isiDepartemen" class="SelfAssesment.selfAssesment"/>
        <method signature="selfAssesment.isiKtp()[pri:4, instance:SelfAssesment.selfAssesment@5fe94a96]" name="isiKtp" class="SelfAssesment.selfAssesment"/>
        <method signature="selfAssesment.isiNama()[pri:3, instance:SelfAssesment.selfAssesment@5fe94a96]" name="isiNama" class="SelfAssesment.selfAssesment"/>
        <method signature="selfAssesment.isiNamaAtasan()[pri:6, instance:SelfAssesment.selfAssesment@5fe94a96]" name="isiNamaAtasan" class="SelfAssesment.selfAssesment"/>
        <method signature="selfAssesment.isiNoHp()[pri:5, instance:SelfAssesment.selfAssesment@5fe94a96]" name="isiNoHp" class="SelfAssesment.selfAssesment"/>
        <method signature="selfAssesment.isiNoHpAtasan()[pri:7, instance:SelfAssesment.selfAssesment@5fe94a96]" name="isiNoHpAtasan" class="SelfAssesment.selfAssesment"/>
      </group> <!-- 2ndPage -->
      <group name="1stPage">
        <method signature="selfAssesment.buttonNext()[pri:2, instance:SelfAssesment.selfAssesment@5fe94a96]" name="buttonNext" class="SelfAssesment.selfAssesment"/>
        <method signature="selfAssesment.selectMagang()[pri:1, instance:SelfAssesment.selfAssesment@5fe94a96]" name="selectMagang" class="SelfAssesment.selfAssesment"/>
      </group> <!-- 1stPage -->
      <group name="3rdPage">
        <method signature="selfAssesment.goTo4thPage()[pri:14, instance:SelfAssesment.selfAssesment@5fe94a96]" name="goTo4thPage" class="SelfAssesment.selfAssesment"/>
        <method signature="selfAssesment.isiBerpergian()[pri:10, instance:SelfAssesment.selfAssesment@5fe94a96]" name="isiBerpergian" class="SelfAssesment.selfAssesment"/>
        <method signature="selfAssesment.pickBerpergian()[pri:9, instance:SelfAssesment.selfAssesment@5fe94a96]" name="pickBerpergian" class="SelfAssesment.selfAssesment"/>
        <method signature="selfAssesment.pickKasus()[pri:13, instance:SelfAssesment.selfAssesment@5fe94a96]" name="pickKasus" class="SelfAssesment.selfAssesment"/>
        <method signature="selfAssesment.pickKegiatan()[pri:12, instance:SelfAssesment.selfAssesment@5fe94a96]" name="pickKegiatan" class="SelfAssesment.selfAssesment"/>
        <method signature="selfAssesment.pickTransportasi()[pri:11, instance:SelfAssesment.selfAssesment@5fe94a96]" name="pickTransportasi" class="SelfAssesment.selfAssesment"/>
      </group> <!-- 3rdPage -->
    </groups>
    <test started-at="2021-02-18T09:36:06 WIB" name="SelfAssesment_1" finished-at="2021-02-18T09:36:23 WIB" duration-ms="17390">
      <class name="SelfAssesment.selfAssesment">
        <test-method is-config="true" signature="startApp()[pri:0, instance:SelfAssesment.selfAssesment@5fe94a96]" started-at="2021-02-18T09:36:06 WIB" name="startApp" finished-at="2021-02-18T09:36:12 WIB" duration-ms="6362" status="PASS">
          <reporter-output>
          </reporter-output>
        </test-method> <!-- startApp -->
        <test-method signature="selectMagang()[pri:1, instance:SelfAssesment.selfAssesment@5fe94a96]" started-at="2021-02-18T09:36:12 WIB" name="selectMagang" finished-at="2021-02-18T09:36:13 WIB" duration-ms="223" status="PASS">
          <reporter-output>
          </reporter-output>
        </test-method> <!-- selectMagang -->
        <test-method signature="buttonNext()[pri:2, instance:SelfAssesment.selfAssesment@5fe94a96]" started-at="2021-02-18T09:36:13 WIB" name="buttonNext" finished-at="2021-02-18T09:36:14 WIB" duration-ms="1040" status="PASS">
          <reporter-output>
          </reporter-output>
        </test-method> <!-- buttonNext -->
        <test-method signature="isiNama()[pri:3, instance:SelfAssesment.selfAssesment@5fe94a96]" started-at="2021-02-18T09:36:14 WIB" name="isiNama" finished-at="2021-02-18T09:36:14 WIB" duration-ms="321" status="PASS">
          <reporter-output>
          </reporter-output>
        </test-method> <!-- isiNama -->
        <test-method signature="isiKtp()[pri:4, instance:SelfAssesment.selfAssesment@5fe94a96]" started-at="2021-02-18T09:36:14 WIB" name="isiKtp" finished-at="2021-02-18T09:36:14 WIB" duration-ms="187" status="PASS">
          <reporter-output>
          </reporter-output>
        </test-method> <!-- isiKtp -->
        <test-method signature="isiNoHp()[pri:5, instance:SelfAssesment.selfAssesment@5fe94a96]" started-at="2021-02-18T09:36:14 WIB" name="isiNoHp" finished-at="2021-02-18T09:36:14 WIB" duration-ms="204" status="PASS">
          <reporter-output>
          </reporter-output>
        </test-method> <!-- isiNoHp -->
        <test-method signature="isiDepartemen()[pri:6, instance:SelfAssesment.selfAssesment@5fe94a96]" started-at="2021-02-18T09:36:14 WIB" name="isiDepartemen" finished-at="2021-02-18T09:36:15 WIB" duration-ms="144" status="PASS">
          <reporter-output>
          </reporter-output>
        </test-method> <!-- isiDepartemen -->
        <test-method signature="isiNamaAtasan()[pri:6, instance:SelfAssesment.selfAssesment@5fe94a96]" started-at="2021-02-18T09:36:15 WIB" name="isiNamaAtasan" finished-at="2021-02-18T09:36:15 WIB" duration-ms="147" status="PASS">
          <reporter-output>
          </reporter-output>
        </test-method> <!-- isiNamaAtasan -->
        <test-method signature="isiNoHpAtasan()[pri:7, instance:SelfAssesment.selfAssesment@5fe94a96]" started-at="2021-02-18T09:36:15 WIB" name="isiNoHpAtasan" finished-at="2021-02-18T09:36:15 WIB" duration-ms="196" status="PASS">
          <reporter-output>
          </reporter-output>
        </test-method> <!-- isiNoHpAtasan -->
        <test-method signature="goTo3rdPage()[pri:8, instance:SelfAssesment.selfAssesment@5fe94a96]" started-at="2021-02-18T09:36:15 WIB" name="goTo3rdPage" finished-at="2021-02-18T09:36:16 WIB" duration-ms="700" status="PASS">
          <reporter-output>
          </reporter-output>
        </test-method> <!-- goTo3rdPage -->
        <test-method signature="pickBerpergian()[pri:9, instance:SelfAssesment.selfAssesment@5fe94a96]" started-at="2021-02-18T09:36:16 WIB" name="pickBerpergian" finished-at="2021-02-18T09:36:16 WIB" duration-ms="269" status="PASS">
          <reporter-output>
          </reporter-output>
        </test-method> <!-- pickBerpergian -->
        <test-method signature="isiBerpergian()[pri:10, instance:SelfAssesment.selfAssesment@5fe94a96]" started-at="2021-02-18T09:36:16 WIB" name="isiBerpergian" finished-at="2021-02-18T09:36:16 WIB" duration-ms="110" status="PASS">
          <reporter-output>
          </reporter-output>
        </test-method> <!-- isiBerpergian -->
        <test-method signature="pickTransportasi()[pri:11, instance:SelfAssesment.selfAssesment@5fe94a96]" started-at="2021-02-18T09:36:16 WIB" name="pickTransportasi" finished-at="2021-02-18T09:36:16 WIB" duration-ms="128" status="PASS">
          <reporter-output>
          </reporter-output>
        </test-method> <!-- pickTransportasi -->
        <test-method signature="pickKegiatan()[pri:12, instance:SelfAssesment.selfAssesment@5fe94a96]" started-at="2021-02-18T09:36:16 WIB" name="pickKegiatan" finished-at="2021-02-18T09:36:16 WIB" duration-ms="110" status="PASS">
          <reporter-output>
          </reporter-output>
        </test-method> <!-- pickKegiatan -->
        <test-method signature="pickKasus()[pri:13, instance:SelfAssesment.selfAssesment@5fe94a96]" started-at="2021-02-18T09:36:16 WIB" name="pickKasus" finished-at="2021-02-18T09:36:16 WIB" duration-ms="124" status="PASS">
          <reporter-output>
          </reporter-output>
        </test-method> <!-- pickKasus -->
        <test-method signature="goTo4thPage()[pri:14, instance:SelfAssesment.selfAssesment@5fe94a96]" started-at="2021-02-18T09:36:16 WIB" name="goTo4thPage" finished-at="2021-02-18T09:36:17 WIB" duration-ms="681" status="PASS">
          <reporter-output>
          </reporter-output>
        </test-method> <!-- goTo4thPage -->
        <test-method signature="pickTidak()[pri:15, instance:SelfAssesment.selfAssesment@5fe94a96]" started-at="2021-02-18T09:36:17 WIB" name="pickTidak" finished-at="2021-02-18T09:36:21 WIB" duration-ms="3645" status="PASS">
          <reporter-output>
          </reporter-output>
        </test-method> <!-- pickTidak -->
        <test-method signature="submitPage()[pri:16, instance:SelfAssesment.selfAssesment@5fe94a96]" started-at="2021-02-18T09:36:21 WIB" name="submitPage" finished-at="2021-02-18T09:36:22 WIB" duration-ms="932" status="PASS">
          <reporter-output>
          </reporter-output>
        </test-method> <!-- submitPage -->
        <test-method is-config="true" signature="closeApp()[pri:0, instance:SelfAssesment.selfAssesment@5fe94a96]" started-at="2021-02-18T09:36:22 WIB" name="closeApp" finished-at="2021-02-18T09:36:23 WIB" duration-ms="1714" status="PASS">
          <reporter-output>
          </reporter-output>
        </test-method> <!-- closeApp -->
      </class> <!-- SelfAssesment.selfAssesment -->
    </test> <!-- SelfAssesment_1 -->
  </suite> <!-- SelfAssesment_1 -->
</testng-results>
