<?xml version="1.0" encoding="UTF-8"?>
<!-- Generated by org.testng.reporters.JUnitXMLReporter -->
<testsuite ignored="0" hostname="LAPTOP-TAVTASOM" failures="0" tests="17" name="SelfAssesment_1" time="17.39" errors="0" timestamp="2021-02-18T09:36:23 WIB">
  <testcase classname="SelfAssesment.selfAssesment" name="selectMagang" time="0.223"/>
  <testcase classname="SelfAssesment.selfAssesment" name="buttonNext" time="1.04"/>
  <testcase classname="SelfAssesment.selfAssesment" name="isiNama" time="0.321"/>
  <testcase classname="SelfAssesment.selfAssesment" name="isiKtp" time="0.187"/>
  <testcase classname="SelfAssesment.selfAssesment" name="isiNoHp" time="0.204"/>
  <testcase classname="SelfAssesment.selfAssesment" name="isiDepartemen" time="0.144"/>
  <testcase classname="SelfAssesment.selfAssesment" name="isiNamaAtasan" time="0.147"/>
  <testcase classname="SelfAssesment.selfAssesment" name="isiNoHpAtasan" time="0.196"/>
  <testcase classname="SelfAssesment.selfAssesment" name="goTo3rdPage" time="0.7"/>
  <testcase classname="SelfAssesment.selfAssesment" name="pickBerpergian" time="0.269"/>
  <testcase classname="SelfAssesment.selfAssesment" name="isiBerpergian" time="0.11"/>
  <testcase classname="SelfAssesment.selfAssesment" name="pickTransportasi" time="0.128"/>
  <testcase classname="SelfAssesment.selfAssesment" name="pickKegiatan" time="0.11"/>
  <testcase classname="SelfAssesment.selfAssesment" name="pickKasus" time="0.124"/>
  <testcase classname="SelfAssesment.selfAssesment" name="goTo4thPage" time="0.681"/>
  <testcase classname="SelfAssesment.selfAssesment" name="pickTidak" time="3.645"/>
  <testcase classname="SelfAssesment.selfAssesment" name="submitPage" time="0.932"/>
</testsuite> <!-- SelfAssesment_1 -->
