<?xml version="1.0" encoding="UTF-8"?>
<!-- Generated by org.testng.reporters.JUnitXMLReporter -->
<testsuite ignored="0" hostname="LAPTOP-TAVTASOM" failures="0" tests="17" name="Default test" time="17.869" errors="0" timestamp="2021-02-17T08:11:25 WIB">
  <testcase classname="selfAssesment" name="selectMagang" time="0.445"/>
  <testcase classname="selfAssesment" name="buttonNext" time="0.722"/>
  <testcase classname="selfAssesment" name="isiNama" time="0.687"/>
  <testcase classname="selfAssesment" name="isiKtp" time="0.231"/>
  <testcase classname="selfAssesment" name="isiNoHp" time="0.187"/>
  <testcase classname="selfAssesment" name="isiDepartemen" time="0.174"/>
  <testcase classname="selfAssesment" name="isiNamaAtasan" time="0.215"/>
  <testcase classname="selfAssesment" name="isiNoHpAtasan" time="0.237"/>
  <testcase classname="selfAssesment" name="goTo3rdPage" time="0.747"/>
  <testcase classname="selfAssesment" name="pickBerpergian" time="0.483"/>
  <testcase classname="selfAssesment" name="isiBerpergian" time="0.184"/>
  <testcase classname="selfAssesment" name="pickTransportasi" time="0.154"/>
  <testcase classname="selfAssesment" name="pickKegiatan" time="0.154"/>
  <testcase classname="selfAssesment" name="pickKasus" time="0.145"/>
  <testcase classname="selfAssesment" name="goTo4thPage" time="0.795"/>
  <testcase classname="selfAssesment" name="pickTidak" time="3.03"/>
  <testcase classname="selfAssesment" name="submitPage" time="0.083"/>
</testsuite> <!-- Default test -->
