<?xml version="1.0" encoding="UTF-8"?>
<!-- Generated by org.testng.reporters.JUnitXMLReporter -->
<testsuite ignored="0" hostname="LAPTOP-TAVTASOM" failures="0" tests="17" name="Default test" time="15.183" errors="0" timestamp="2021-02-18T08:33:20 WIB">
  <testcase classname="SelfAssesment.selfAssesment" name="selectMagang" time="0.226"/>
  <testcase classname="SelfAssesment.selfAssesment" name="buttonNext" time="0.71"/>
  <testcase classname="SelfAssesment.selfAssesment" name="isiNama" time="0.301"/>
  <testcase classname="SelfAssesment.selfAssesment" name="isiKtp" time="0.141"/>
  <testcase classname="SelfAssesment.selfAssesment" name="isiNoHp" time="0.156"/>
  <testcase classname="SelfAssesment.selfAssesment" name="isiDepartemen" time="0.131"/>
  <testcase classname="SelfAssesment.selfAssesment" name="isiNamaAtasan" time="0.15"/>
  <testcase classname="SelfAssesment.selfAssesment" name="isiNoHpAtasan" time="0.165"/>
  <testcase classname="SelfAssesment.selfAssesment" name="goTo3rdPage" time="0.921"/>
  <testcase classname="SelfAssesment.selfAssesment" name="pickBerpergian" time="0.23"/>
  <testcase classname="SelfAssesment.selfAssesment" name="isiBerpergian" time="0.145"/>
  <testcase classname="SelfAssesment.selfAssesment" name="pickTransportasi" time="0.133"/>
  <testcase classname="SelfAssesment.selfAssesment" name="pickKegiatan" time="0.119"/>
  <testcase classname="SelfAssesment.selfAssesment" name="pickKasus" time="0.119"/>
  <testcase classname="SelfAssesment.selfAssesment" name="goTo4thPage" time="0.873"/>
  <testcase classname="SelfAssesment.selfAssesment" name="pickTidak" time="3.195"/>
  <testcase classname="SelfAssesment.selfAssesment" name="submitPage" time="0.82"/>
</testsuite> <!-- Default test -->
